Info: Starting: Create block symbol file (.bsf)
Info: ip-generate --project-directory=/home/jimmyu21/eec181a/lab1/ --output-directory=/home/jimmyu21/eec181a/lab1/mysystem/ --report-file=bsf:/home/jimmyu21/eec181a/lab1/mysystem.bsf --system-info=DEVICE_FAMILY="Cyclone V" --system-info=DEVICE=5CSEMA5F31C6 --system-info=DEVICE_SPEEDGRADE=6 --component-file=/home/jimmyu21/eec181a/lab1/mysystem.qsys
Progress: Loading lab1/mysystem.qsys
Progress: Reading input file
Progress: Adding System_Clk [clock_source 13.1]
Progress: Parameterizing module System_Clk
Progress: Adding Arm_A9_HPS [altera_hps 13.1]
Progress: Parameterizing module Arm_A9_HPS
Progress: Adding ram [altera_avalon_onchip_memory2 13.1]
Progress: Parameterizing module ram
Progress: Adding system_console [altera_avalon_jtag_uart 13.1]
Progress: Parameterizing module system_console
Progress: Adding led [altera_avalon_pio 13.1]
Progress: Parameterizing module led
Progress: Adding switches [altera_avalon_pio 13.1]
Progress: Parameterizing module switches
Progress: Adding HEX3_HEX0 [altera_avalon_pio 13.1]
Progress: Parameterizing module HEX3_HEX0
Progress: Adding HEX5_HEX4 [altera_avalon_pio 13.1]
Progress: Parameterizing module HEX5_HEX4
Progress: Adding pushbuttons [altera_avalon_pio 13.1]
Progress: Parameterizing module pushbuttons
Progress: Building connections
Progress: Parameterizing connections
Progress: Validating
Progress: Done reading input file
Info: ip-generate succeeded.
Info: Finished: Create block symbol file (.bsf)
Info: 
Info: Starting: Create HDL design files for synthesis
Info: ip-generate --project-directory=/home/jimmyu21/eec181a/lab1/ --output-directory=/home/jimmyu21/eec181a/lab1/mysystem/synthesis/ --file-set=QUARTUS_SYNTH --report-file=html:/home/jimmyu21/eec181a/lab1/mysystem.html --report-file=sopcinfo:/home/jimmyu21/eec181a/lab1/mysystem.sopcinfo --report-file=cmp:/home/jimmyu21/eec181a/lab1/mysystem.cmp --report-file=qip:/home/jimmyu21/eec181a/lab1/mysystem/synthesis/mysystem.qip --report-file=svd --report-file=regmap:/home/jimmyu21/eec181a/lab1/mysystem/synthesis/mysystem.regmap --report-file=debuginfo:/home/jimmyu21/eec181a/lab1/mysystem/synthesis/mysystem.debuginfo --system-info=DEVICE_FAMILY="Cyclone V" --system-info=DEVICE=5CSEMA5F31C6 --system-info=DEVICE_SPEEDGRADE=6 --component-file=/home/jimmyu21/eec181a/lab1/mysystem.qsys --language=VERILOG
Progress: Loading lab1/mysystem.qsys
Progress: Reading input file
Progress: Adding System_Clk [clock_source 13.1]
Progress: Parameterizing module System_Clk
Progress: Adding Arm_A9_HPS [altera_hps 13.1]
Progress: Parameterizing module Arm_A9_HPS
Progress: Adding ram [altera_avalon_onchip_memory2 13.1]
Progress: Parameterizing module ram
Progress: Adding system_console [altera_avalon_jtag_uart 13.1]
Progress: Parameterizing module system_console
Progress: Adding led [altera_avalon_pio 13.1]
Progress: Parameterizing module led
Progress: Adding switches [altera_avalon_pio 13.1]
Progress: Parameterizing module switches
Progress: Adding HEX3_HEX0 [altera_avalon_pio 13.1]
Progress: Parameterizing module HEX3_HEX0
Progress: Adding HEX5_HEX4 [altera_avalon_pio 13.1]
Progress: Parameterizing module HEX5_HEX4
Progress: Adding pushbuttons [altera_avalon_pio 13.1]
Progress: Parameterizing module pushbuttons
Progress: Building connections
Progress: Parameterizing connections
Progress: Validating
Progress: Done reading input file
Info: mysystem: Generating mysystem "mysystem" for QUARTUS_SYNTH
Info: pipeline_bridge_swap_transform: After transform: 9 modules, 33 connections
Info: No custom instruction connections, skipping transform 
Info: merlin_initial_interconnect_transform: After transform: 8 modules, 25 connections
Info: merlin_translator_transform: After transform: 14 modules, 49 connections
Info: merlin_domain_transform: After transform: 34 modules, 168 connections
Info: merlin_router_transform: After transform: 42 modules, 198 connections
Info: merlin_traffic_limiter_transform: After transform: 44 modules, 206 connections
Info: merlin_burst_transform: After transform: 50 modules, 230 connections
Info: merlin_network_to_switch_transform: After transform: 65 modules, 276 connections
Info: limiter_update_transform: After transform: 65 modules, 278 connections
Info: merlin_clock_and_reset_bridge_transform: After transform: 68 modules, 344 connections
Info: merlin_hierarchy_transform: After transform: 10 modules, 38 connections
Info: merlin_initial_interconnect_transform: After transform: 3 modules, 5 connections
Info: merlin_translator_transform: After transform: 4 modules, 9 connections
Info: merlin_domain_transform: After transform: 9 modules, 38 connections
Info: merlin_router_transform: After transform: 12 modules, 48 connections
Info: merlin_burst_transform: After transform: 13 modules, 52 connections
Info: merlin_network_to_switch_transform: After transform: 18 modules, 63 connections
Info: merlin_width_transform: After transform: 20 modules, 71 connections
Info: merlin_clock_and_reset_bridge_transform: After transform: 23 modules, 92 connections
Info: merlin_hierarchy_transform: After transform: 11 modules, 43 connections
Info: merlin_mm_transform: After transform: 11 modules, 43 connections
Warning: Arm_A9_HPS.f2h_irq0: Cannot connect clock for irq_mapper.sender
Warning: Arm_A9_HPS.f2h_irq0: Cannot connect reset for irq_mapper.sender
Warning: Arm_A9_HPS.f2h_irq1: Cannot connect clock for irq_mapper_001.sender
Warning: Arm_A9_HPS.f2h_irq1: Cannot connect reset for irq_mapper_001.sender
Info: merlin_interrupt_mapper_transform: After transform: 13 modules, 45 connections
Info: reset_adaptation_transform: After transform: 16 modules, 50 connections
Info: Arm_A9_HPS: "Doing Pretransform for module: Arm_A9_HPS"
Info: pipeline_bridge_swap_transform: After transform: 2 modules, 0 connections
Info: No custom instruction connections, skipping transform 
Info: Arm_A9_HPS: "mysystem" instantiated altera_hps "Arm_A9_HPS"
Info: ram: Starting RTL generation for module 'mysystem_ram'
Info: ram:   Generation command is [exec /software/altera/quartus-13.1/quartus/linux/perl/bin/perl -I /software/altera/quartus-13.1/quartus/linux/perl/lib -I /software/altera/quartus-13.1/quartus/sopc_builder/bin/europa -I /software/altera/quartus-13.1/quartus/sopc_builder/bin/perl_lib -I /software/altera/quartus-13.1/quartus/sopc_builder/bin -I /software/altera/quartus-13.1/quartus/../ip/altera/sopc_builder_ip/common -I /software/altera/quartus-13.1/quartus/../ip/altera/sopc_builder_ip/altera_avalon_onchip_memory2 -- /software/altera/quartus-13.1/quartus/../ip/altera/sopc_builder_ip/altera_avalon_onchip_memory2/generate_rtl.pl --name=mysystem_ram --dir=/tmp/alt6442_8903647082488817503.dir/0001_ram_gen/ --quartus_dir=/software/altera/quartus-13.1/quartus --verilog --config=/tmp/alt6442_8903647082488817503.dir/0001_ram_gen//mysystem_ram_component_configuration.pl  --do_build_sim=0  ]
Info: ram: Done RTL generation for module 'mysystem_ram'
Info: ram: "mysystem" instantiated altera_avalon_onchip_memory2 "ram"
Info: system_console: Starting RTL generation for module 'mysystem_system_console'
Info: system_console:   Generation command is [exec /software/altera/quartus-13.1/quartus/linux/perl/bin/perl -I /software/altera/quartus-13.1/quartus/linux/perl/lib -I /software/altera/quartus-13.1/quartus/sopc_builder/bin/europa -I /software/altera/quartus-13.1/quartus/sopc_builder/bin/perl_lib -I /software/altera/quartus-13.1/quartus/sopc_builder/bin -I /software/altera/quartus-13.1/quartus/../ip/altera/sopc_builder_ip/common -I /software/altera/quartus-13.1/quartus/../ip/altera/sopc_builder_ip/altera_avalon_jtag_uart -- /software/altera/quartus-13.1/quartus/../ip/altera/sopc_builder_ip/altera_avalon_jtag_uart/generate_rtl.pl --name=mysystem_system_console --dir=/tmp/alt6442_8903647082488817503.dir/0002_system_console_gen/ --quartus_dir=/software/altera/quartus-13.1/quartus --verilog --config=/tmp/alt6442_8903647082488817503.dir/0002_system_console_gen//mysystem_system_console_component_configuration.pl  --do_build_sim=0  ]
Info: system_console: Done RTL generation for module 'mysystem_system_console'
Info: system_console: "mysystem" instantiated altera_avalon_jtag_uart "system_console"
Info: led: Starting RTL generation for module 'mysystem_led'
Info: led:   Generation command is [exec /software/altera/quartus-13.1/quartus/linux/perl/bin/perl -I /software/altera/quartus-13.1/quartus/linux/perl/lib -I /software/altera/quartus-13.1/quartus/sopc_builder/bin/europa -I /software/altera/quartus-13.1/quartus/sopc_builder/bin/perl_lib -I /software/altera/quartus-13.1/quartus/sopc_builder/bin -I /software/altera/quartus-13.1/quartus/../ip/altera/sopc_builder_ip/common -I /software/altera/quartus-13.1/quartus/../ip/altera/sopc_builder_ip/altera_avalon_pio -- /software/altera/quartus-13.1/quartus/../ip/altera/sopc_builder_ip/altera_avalon_pio/generate_rtl.pl --name=mysystem_led --dir=/tmp/alt6442_8903647082488817503.dir/0003_led_gen/ --quartus_dir=/software/altera/quartus-13.1/quartus --verilog --config=/tmp/alt6442_8903647082488817503.dir/0003_led_gen//mysystem_led_component_configuration.pl  --do_build_sim=0  ]
Info: led: Done RTL generation for module 'mysystem_led'
Info: led: "mysystem" instantiated altera_avalon_pio "led"
Info: switches: Starting RTL generation for module 'mysystem_switches'
Info: switches:   Generation command is [exec /software/altera/quartus-13.1/quartus/linux/perl/bin/perl -I /software/altera/quartus-13.1/quartus/linux/perl/lib -I /software/altera/quartus-13.1/quartus/sopc_builder/bin/europa -I /software/altera/quartus-13.1/quartus/sopc_builder/bin/perl_lib -I /software/altera/quartus-13.1/quartus/sopc_builder/bin -I /software/altera/quartus-13.1/quartus/../ip/altera/sopc_builder_ip/common -I /software/altera/quartus-13.1/quartus/../ip/altera/sopc_builder_ip/altera_avalon_pio -- /software/altera/quartus-13.1/quartus/../ip/altera/sopc_builder_ip/altera_avalon_pio/generate_rtl.pl --name=mysystem_switches --dir=/tmp/alt6442_8903647082488817503.dir/0004_switches_gen/ --quartus_dir=/software/altera/quartus-13.1/quartus --verilog --config=/tmp/alt6442_8903647082488817503.dir/0004_switches_gen//mysystem_switches_component_configuration.pl  --do_build_sim=0  ]
Info: switches: Done RTL generation for module 'mysystem_switches'
Info: switches: "mysystem" instantiated altera_avalon_pio "switches"
Info: HEX3_HEX0: Starting RTL generation for module 'mysystem_HEX3_HEX0'
Info: HEX3_HEX0:   Generation command is [exec /software/altera/quartus-13.1/quartus/linux/perl/bin/perl -I /software/altera/quartus-13.1/quartus/linux/perl/lib -I /software/altera/quartus-13.1/quartus/sopc_builder/bin/europa -I /software/altera/quartus-13.1/quartus/sopc_builder/bin/perl_lib -I /software/altera/quartus-13.1/quartus/sopc_builder/bin -I /software/altera/quartus-13.1/quartus/../ip/altera/sopc_builder_ip/common -I /software/altera/quartus-13.1/quartus/../ip/altera/sopc_builder_ip/altera_avalon_pio -- /software/altera/quartus-13.1/quartus/../ip/altera/sopc_builder_ip/altera_avalon_pio/generate_rtl.pl --name=mysystem_HEX3_HEX0 --dir=/tmp/alt6442_8903647082488817503.dir/0005_HEX3_HEX0_gen/ --quartus_dir=/software/altera/quartus-13.1/quartus --verilog --config=/tmp/alt6442_8903647082488817503.dir/0005_HEX3_HEX0_gen//mysystem_HEX3_HEX0_component_configuration.pl  --do_build_sim=0  ]
Info: HEX3_HEX0: Done RTL generation for module 'mysystem_HEX3_HEX0'
Info: HEX3_HEX0: "mysystem" instantiated altera_avalon_pio "HEX3_HEX0"
Info: HEX5_HEX4: Starting RTL generation for module 'mysystem_HEX5_HEX4'
Info: HEX5_HEX4:   Generation command is [exec /software/altera/quartus-13.1/quartus/linux/perl/bin/perl -I /software/altera/quartus-13.1/quartus/linux/perl/lib -I /software/altera/quartus-13.1/quartus/sopc_builder/bin/europa -I /software/altera/quartus-13.1/quartus/sopc_builder/bin/perl_lib -I /software/altera/quartus-13.1/quartus/sopc_builder/bin -I /software/altera/quartus-13.1/quartus/../ip/altera/sopc_builder_ip/common -I /software/altera/quartus-13.1/quartus/../ip/altera/sopc_builder_ip/altera_avalon_pio -- /software/altera/quartus-13.1/quartus/../ip/altera/sopc_builder_ip/altera_avalon_pio/generate_rtl.pl --name=mysystem_HEX5_HEX4 --dir=/tmp/alt6442_8903647082488817503.dir/0006_HEX5_HEX4_gen/ --quartus_dir=/software/altera/quartus-13.1/quartus --verilog --config=/tmp/alt6442_8903647082488817503.dir/0006_HEX5_HEX4_gen//mysystem_HEX5_HEX4_component_configuration.pl  --do_build_sim=0  ]
Info: HEX5_HEX4: Done RTL generation for module 'mysystem_HEX5_HEX4'
Info: HEX5_HEX4: "mysystem" instantiated altera_avalon_pio "HEX5_HEX4"
Info: pushbuttons: Starting RTL generation for module 'mysystem_pushbuttons'
Info: pushbuttons:   Generation command is [exec /software/altera/quartus-13.1/quartus/linux/perl/bin/perl -I /software/altera/quartus-13.1/quartus/linux/perl/lib -I /software/altera/quartus-13.1/quartus/sopc_builder/bin/europa -I /software/altera/quartus-13.1/quartus/sopc_builder/bin/perl_lib -I /software/altera/quartus-13.1/quartus/sopc_builder/bin -I /software/altera/quartus-13.1/quartus/../ip/altera/sopc_builder_ip/common -I /software/altera/quartus-13.1/quartus/../ip/altera/sopc_builder_ip/altera_avalon_pio -- /software/altera/quartus-13.1/quartus/../ip/altera/sopc_builder_ip/altera_avalon_pio/generate_rtl.pl --name=mysystem_pushbuttons --dir=/tmp/alt6442_8903647082488817503.dir/0007_pushbuttons_gen/ --quartus_dir=/software/altera/quartus-13.1/quartus --verilog --config=/tmp/alt6442_8903647082488817503.dir/0007_pushbuttons_gen//mysystem_pushbuttons_component_configuration.pl  --do_build_sim=0  ]
Info: pushbuttons: Done RTL generation for module 'mysystem_pushbuttons'
Info: pushbuttons: "mysystem" instantiated altera_avalon_pio "pushbuttons"
Info: pipeline_bridge_swap_transform: After transform: 60 modules, 206 connections
Info: No custom instruction connections, skipping transform 
Info: merlin_initial_interconnect_transform: After transform: 0 modules, 0 connections
Info: No Avalon connections, skipping transform 
Info: merlin_hierarchy_transform: After transform: 60 modules, 206 connections
Info: merlin_initial_interconnect_transform: After transform: 0 modules, 0 connections
Info: No Avalon connections, skipping transform 
Info: merlin_hierarchy_transform: After transform: 60 modules, 206 connections
Info: merlin_initial_interconnect_transform: After transform: 0 modules, 0 connections
Info: No Avalon connections, skipping transform 
Info: merlin_hierarchy_transform: After transform: 60 modules, 206 connections
Info: merlin_initial_interconnect_transform: After transform: 0 modules, 0 connections
Info: No Avalon connections, skipping transform 
Info: merlin_hierarchy_transform: After transform: 60 modules, 206 connections
Info: merlin_initial_interconnect_transform: After transform: 0 modules, 0 connections
Info: No Avalon connections, skipping transform 
Info: merlin_hierarchy_transform: After transform: 60 modules, 206 connections
Info: merlin_initial_interconnect_transform: After transform: 0 modules, 0 connections
Info: No Avalon connections, skipping transform 
Info: merlin_hierarchy_transform: After transform: 60 modules, 206 connections
Info: mm_interconnect_0: "mysystem" instantiated altera_merlin_interconnect_wrapper "mm_interconnect_0"
Info: pipeline_bridge_swap_transform: After transform: 20 modules, 57 connections
Info: No custom instruction connections, skipping transform 
Info: merlin_initial_interconnect_transform: After transform: 0 modules, 0 connections
Info: No Avalon connections, skipping transform 
Info: merlin_hierarchy_transform: After transform: 20 modules, 57 connections
Info: mm_interconnect_1: "mysystem" instantiated altera_merlin_interconnect_wrapper "mm_interconnect_1"
Info: irq_mapper: "mysystem" instantiated altera_irq_mapper "irq_mapper"
Info: irq_mapper_001: "mysystem" instantiated altera_irq_mapper "irq_mapper_001"
Info: rst_controller: "mysystem" instantiated altera_reset_controller "rst_controller"
Info: fpga_interfaces: "Arm_A9_HPS" instantiated altera_interface_generator "fpga_interfaces"
Info: pipeline_bridge_swap_transform: After transform: 1 modules, 0 connections
Info: No custom instruction connections, skipping transform 
Info: hps_io: "Arm_A9_HPS" instantiated altera_hps_io "hps_io"
Info: pushbuttons_s1_translator: "mm_interconnect_0" instantiated altera_merlin_slave_translator "pushbuttons_s1_translator"
Info: Arm_A9_HPS_h2f_lw_axi_master_agent: "mm_interconnect_0" instantiated altera_merlin_axi_master_ni "Arm_A9_HPS_h2f_lw_axi_master_agent"
Info: pushbuttons_s1_translator_avalon_universal_slave_0_agent: "mm_interconnect_0" instantiated altera_merlin_slave_agent "pushbuttons_s1_translator_avalon_universal_slave_0_agent"
Info: pushbuttons_s1_translator_avalon_universal_slave_0_agent_rsp_fifo: "mm_interconnect_0" instantiated altera_avalon_sc_fifo "pushbuttons_s1_translator_avalon_universal_slave_0_agent_rsp_fifo"
Info: addr_router: "mm_interconnect_0" instantiated altera_merlin_router "addr_router"
Info: id_router: "mm_interconnect_0" instantiated altera_merlin_router "id_router"
Info: limiter: "mm_interconnect_0" instantiated altera_merlin_traffic_limiter "limiter"
Info: Reusing file /home/jimmyu21/eec181a/lab1/mysystem/synthesis/submodules/altera_avalon_sc_fifo.v
Info: burst_adapter: "mm_interconnect_0" instantiated altera_merlin_burst_adapter "burst_adapter"
Info: Reusing file /home/jimmyu21/eec181a/lab1/mysystem/synthesis/submodules/altera_merlin_address_alignment.sv
Info: cmd_xbar_demux: "mm_interconnect_0" instantiated altera_merlin_demultiplexer "cmd_xbar_demux"
Info: cmd_xbar_mux: "mm_interconnect_0" instantiated altera_merlin_multiplexer "cmd_xbar_mux"
Info: rsp_xbar_demux: "mm_interconnect_0" instantiated altera_merlin_demultiplexer "rsp_xbar_demux"
Info: rsp_xbar_mux: "mm_interconnect_0" instantiated altera_merlin_multiplexer "rsp_xbar_mux"
Info: Reusing file /home/jimmyu21/eec181a/lab1/mysystem/synthesis/submodules/altera_merlin_arbitrator.sv
Info: addr_router: "mm_interconnect_1" instantiated altera_merlin_router "addr_router"
Info: id_router: "mm_interconnect_1" instantiated altera_merlin_router "id_router"
Info: cmd_xbar_demux: "mm_interconnect_1" instantiated altera_merlin_demultiplexer "cmd_xbar_demux"
Info: cmd_xbar_mux: "mm_interconnect_1" instantiated altera_merlin_multiplexer "cmd_xbar_mux"
Info: Reusing file /home/jimmyu21/eec181a/lab1/mysystem/synthesis/submodules/altera_merlin_arbitrator.sv
Info: rsp_xbar_demux: "mm_interconnect_1" instantiated altera_merlin_demultiplexer "rsp_xbar_demux"
Info: rsp_xbar_mux: "mm_interconnect_1" instantiated altera_merlin_multiplexer "rsp_xbar_mux"
Info: Reusing file /home/jimmyu21/eec181a/lab1/mysystem/synthesis/submodules/altera_merlin_arbitrator.sv
Info: width_adapter: "mm_interconnect_1" instantiated altera_merlin_width_adapter "width_adapter"
Info: Reusing file /home/jimmyu21/eec181a/lab1/mysystem/synthesis/submodules/altera_merlin_address_alignment.sv
Info: Reusing file /home/jimmyu21/eec181a/lab1/mysystem/synthesis/submodules/altera_merlin_burst_uncompressor.sv
Info: border: "hps_io" instantiated altera_interface_generator "border"
Info: mysystem: Done "mysystem" with 36 modules, 84 files, 2245406 bytes
Info: ip-generate succeeded.
Info: Finished: Create HDL design files for synthesis
